This is pdfTeX, Version 3.14159265-2.6-1.40.19 (TeX Live 2018) (preloaded format=pdflatex 2018.9.11)  24 APR 2021 18:46
entering extended mode
 restricted \write18 enabled.
 file:line:error style messages enabled.
 %&-line parsing enabled.
**/Users/paul/Documents/projects/bachelor/thesis/thesis.tex
(/Users/paul/Documents/projects/bachelor/thesis/thesis.tex
LaTeX2e <2018-04-01> patch level 2
Babel <3.18> and hyphenation patterns for 84 language(s) loaded.
(/usr/local/texlive/2018/texmf-dist/tex/latex/base/article.cls
Document Class: article 2014/09/29 v1.4h Standard LaTeX document class
(/usr/local/texlive/2018/texmf-dist/tex/latex/base/size11.clo
File: size11.clo 2014/09/29 v1.4h Standard LaTeX file (size option)
)
\c@part=\count80
\c@section=\count81
\c@subsection=\count82
\c@subsubsection=\count83
\c@paragraph=\count84
\c@subparagraph=\count85
\c@figure=\count86
\c@table=\count87
\abovecaptionskip=\skip41
\belowcaptionskip=\skip42
\bibindent=\dimen102
) (/usr/local/texlive/2018/texmf-dist/tex/latex/geometry/geometry.sty
Package: geometry 2018/03/24 v5.7 Page Geometry
 (/usr/local/texlive/2018/texmf-dist/tex/latex/graphics/keyval.sty
Package: keyval 2014/10/28 v1.15 key=value parser (DPC)
\KV@toks@=\toks14
) (/usr/local/texlive/2018/texmf-dist/tex/generic/oberdiek/ifpdf.sty
Package: ifpdf 2017/03/15 v3.2 Provides the ifpdf switch
) (/usr/local/texlive/2018/texmf-dist/tex/generic/oberdiek/ifvtex.sty
Package: ifvtex 2016/05/16 v1.6 Detect VTeX and its facilities (HO)
Package ifvtex Info: VTeX not detected.
) (/usr/local/texlive/2018/texmf-dist/tex/generic/ifxetex/ifxetex.sty
Package: ifxetex 2010/09/12 v0.6 Provides ifxetex conditional
)
\Gm@cnth=\count88
\Gm@cntv=\count89
\c@Gm@tempcnt=\count90
\Gm@bindingoffset=\dimen103
\Gm@wd@mp=\dimen104
\Gm@odd@mp=\dimen105
\Gm@even@mp=\dimen106
\Gm@layoutwidth=\dimen107
\Gm@layoutheight=\dimen108
\Gm@layouthoffset=\dimen109
\Gm@layoutvoffset=\dimen110
\Gm@dimlist=\toks15
) (/usr/local/texlive/2018/texmf-dist/tex/latex/graphics/graphicx.sty
Package: graphicx 2017/06/01 v1.1a Enhanced LaTeX Graphics (DPC,SPQR)
 (/usr/local/texlive/2018/texmf-dist/tex/latex/graphics/graphics.sty
Package: graphics 2017/06/25 v1.2c Standard LaTeX Graphics (DPC,SPQR)
 (/usr/local/texlive/2018/texmf-dist/tex/latex/graphics/trig.sty
Package: trig 2016/01/03 v1.10 sin cos tan (DPC)
) (/usr/local/texlive/2018/texmf-dist/tex/latex/graphics-cfg/graphics.cfg
File: graphics.cfg 2016/06/04 v1.11 sample graphics configuration
)
Package graphics Info: Driver file: pdftex.def on input line 99.
 (/usr/local/texlive/2018/texmf-dist/tex/latex/graphics-def/pdftex.def
File: pdftex.def 2018/01/08 v1.0l Graphics/color driver for pdftex
))
\Gin@req@height=\dimen111
\Gin@req@width=\dimen112
) (/usr/local/texlive/2018/texmf-dist/tex/latex/hyphenat/hyphenat.sty
Package: hyphenat 2009/09/02 v2.3c hyphenation utilities
\langwohyphens=\language84
LaTeX Info: Redefining \_ on input line 43.
) (/usr/local/texlive/2018/texmf-dist/tex/latex/todonotes/todonotes.sty
Package: todonotes 2015/07/09 .dtx Todonotes source and documentation.
Package: todonotes 2012/07/25
 (/usr/local/texlive/2018/texmf-dist/tex/latex/base/ifthen.sty
Package: ifthen 2014/09/29 v1.1c Standard LaTeX ifthen package (DPC)
) (/usr/local/texlive/2018/texmf-dist/tex/latex/xkeyval/xkeyval.sty
Package: xkeyval 2014/12/03 v2.7a package option processing (HA)
 (/usr/local/texlive/2018/texmf-dist/tex/generic/xkeyval/xkeyval.tex (/usr/local/texlive/2018/texmf-dist/tex/generic/xkeyval/xkvutils.tex
\XKV@toks=\toks16
\XKV@tempa@toks=\toks17
)
\XKV@depth=\count91
File: xkeyval.tex 2014/12/03 v2.7a key=value parser (HA)
)) (/usr/local/texlive/2018/texmf-dist/tex/latex/xcolor/xcolor.sty
Package: xcolor 2016/05/11 v2.12 LaTeX color extensions (UK)
 (/usr/local/texlive/2018/texmf-dist/tex/latex/graphics-cfg/color.cfg
File: color.cfg 2016/01/02 v1.6 sample color configuration
)
Package xcolor Info: Driver file: pdftex.def on input line 225.
Package xcolor Info: Model `cmy' substituted by `cmy0' on input line 1348.
Package xcolor Info: Model `hsb' substituted by `rgb' on input line 1352.
Package xcolor Info: Model `RGB' extended on input line 1364.
Package xcolor Info: Model `HTML' substituted by `rgb' on input line 1366.
Package xcolor Info: Model `Hsb' substituted by `hsb' on input line 1367.
Package xcolor Info: Model `tHsb' substituted by `hsb' on input line 1368.
Package xcolor Info: Model `HSB' substituted by `hsb' on input line 1369.
Package xcolor Info: Model `Gray' substituted by `gray' on input line 1370.
Package xcolor Info: Model `wave' substituted by `hsb' on input line 1371.
) (/usr/local/texlive/2018/texmf-dist/tex/latex/pgf/frontendlayer/tikz.sty (/usr/local/texlive/2018/texmf-dist/tex/latex/pgf/basiclayer/pgf.sty (/usr/local/texlive/2018/texmf-dist/tex/latex/pgf/utilities/pgfrcs.sty (/usr/local/texlive/2018/texmf-dist/tex/generic/pgf/utilities/pgfutil-common.tex
\pgfutil@everybye=\toks18
\pgfutil@tempdima=\dimen113
\pgfutil@tempdimb=\dimen114
 (/usr/local/texlive/2018/texmf-dist/tex/generic/pgf/utilities/pgfutil-common-lists.tex)) (/usr/local/texlive/2018/texmf-dist/tex/generic/pgf/utilities/pgfutil-latex.def
\pgfutil@abb=\box26
 (/usr/local/texlive/2018/texmf-dist/tex/latex/ms/everyshi.sty
Package: everyshi 2001/05/15 v3.00 EveryShipout Package (MS)
)) (/usr/local/texlive/2018/texmf-dist/tex/generic/pgf/utilities/pgfrcs.code.tex
Package: pgfrcs 2015/08/07 v3.0.1a (rcs-revision 1.31)
))
Package: pgf 2015/08/07 v3.0.1a (rcs-revision 1.15)
 (/usr/local/texlive/2018/texmf-dist/tex/latex/pgf/basiclayer/pgfcore.sty (/usr/local/texlive/2018/texmf-dist/tex/latex/pgf/systemlayer/pgfsys.sty (/usr/local/texlive/2018/texmf-dist/tex/generic/pgf/systemlayer/pgfsys.code.tex
Package: pgfsys 2014/07/09 v3.0.1a (rcs-revision 1.48)
 (/usr/local/texlive/2018/texmf-dist/tex/generic/pgf/utilities/pgfkeys.code.tex
\pgfkeys@pathtoks=\toks19
\pgfkeys@temptoks=\toks20
 (/usr/local/texlive/2018/texmf-dist/tex/generic/pgf/utilities/pgfkeysfiltered.code.tex
\pgfkeys@tmptoks=\toks21
))
\pgf@x=\dimen115
\pgf@y=\dimen116
\pgf@xa=\dimen117
\pgf@ya=\dimen118
\pgf@xb=\dimen119
\pgf@yb=\dimen120
\pgf@xc=\dimen121
\pgf@yc=\dimen122
\w@pgf@writea=\write3
\r@pgf@reada=\read1
\c@pgf@counta=\count92
\c@pgf@countb=\count93
\c@pgf@countc=\count94
\c@pgf@countd=\count95
\t@pgf@toka=\toks22
\t@pgf@tokb=\toks23
\t@pgf@tokc=\toks24
 (/usr/local/texlive/2018/texmf-dist/tex/generic/pgf/systemlayer/pgf.cfg
File: pgf.cfg 2008/05/14  (rcs-revision 1.7)
)
Driver file for pgf: pgfsys-pdftex.def
 (/usr/local/texlive/2018/texmf-dist/tex/generic/pgf/systemlayer/pgfsys-pdftex.def
File: pgfsys-pdftex.def 2014/10/11  (rcs-revision 1.35)
 (/usr/local/texlive/2018/texmf-dist/tex/generic/pgf/systemlayer/pgfsys-common-pdf.def
File: pgfsys-common-pdf.def 2013/10/10  (rcs-revision 1.13)
))) (/usr/local/texlive/2018/texmf-dist/tex/generic/pgf/systemlayer/pgfsyssoftpath.code.tex
File: pgfsyssoftpath.code.tex 2013/09/09  (rcs-revision 1.9)
\pgfsyssoftpath@smallbuffer@items=\count96
\pgfsyssoftpath@bigbuffer@items=\count97
) (/usr/local/texlive/2018/texmf-dist/tex/generic/pgf/systemlayer/pgfsysprotocol.code.tex
File: pgfsysprotocol.code.tex 2006/10/16  (rcs-revision 1.4)
)) (/usr/local/texlive/2018/texmf-dist/tex/generic/pgf/basiclayer/pgfcore.code.tex
Package: pgfcore 2010/04/11 v3.0.1a (rcs-revision 1.7)
 (/usr/local/texlive/2018/texmf-dist/tex/generic/pgf/math/pgfmath.code.tex (/usr/local/texlive/2018/texmf-dist/tex/generic/pgf/math/pgfmathcalc.code.tex (/usr/local/texlive/2018/texmf-dist/tex/generic/pgf/math/pgfmathutil.code.tex) (/usr/local/texlive/2018/texmf-dist/tex/generic/pgf/math/pgfmathparser.code.tex
\pgfmath@dimen=\dimen123
\pgfmath@count=\count98
\pgfmath@box=\box27
\pgfmath@toks=\toks25
\pgfmath@stack@operand=\toks26
\pgfmath@stack@operation=\toks27
) (/usr/local/texlive/2018/texmf-dist/tex/generic/pgf/math/pgfmathfunctions.code.tex (/usr/local/texlive/2018/texmf-dist/tex/generic/pgf/math/pgfmathfunctions.basic.code.tex) (/usr/local/texlive/2018/texmf-dist/tex/generic/pgf/math/pgfmathfunctions.trigonometric.code.tex) (/usr/local/texlive/2018/texmf-dist/tex/generic/pgf/math/pgfmathfunctions.random.code.tex) (/usr/local/texlive/2018/texmf-dist/tex/generic/pgf/math/pgfmathfunctions.comparison.code.tex) (/usr/local/texlive/2018/texmf-dist/tex/generic/pgf/math/pgfmathfunctions.base.code.tex) (/usr/local/texlive/2018/texmf-dist/tex/generic/pgf/math/pgfmathfunctions.round.code.tex) (/usr/local/texlive/2018/texmf-dist/tex/generic/pgf/math/pgfmathfunctions.misc.code.tex) (/usr/local/texlive/2018/texmf-dist/tex/generic/pgf/math/pgfmathfunctions.integerarithmetics.code.tex))) (/usr/local/texlive/2018/texmf-dist/tex/generic/pgf/math/pgfmathfloat.code.tex
\c@pgfmathroundto@lastzeros=\count99
)) (/usr/local/texlive/2018/texmf-dist/tex/generic/pgf/basiclayer/pgfcorepoints.code.tex
File: pgfcorepoints.code.tex 2013/10/07  (rcs-revision 1.27)
\pgf@picminx=\dimen124
\pgf@picmaxx=\dimen125
\pgf@picminy=\dimen126
\pgf@picmaxy=\dimen127
\pgf@pathminx=\dimen128
\pgf@pathmaxx=\dimen129
\pgf@pathminy=\dimen130
\pgf@pathmaxy=\dimen131
\pgf@xx=\dimen132
\pgf@xy=\dimen133
\pgf@yx=\dimen134
\pgf@yy=\dimen135
\pgf@zx=\dimen136
\pgf@zy=\dimen137
) (/usr/local/texlive/2018/texmf-dist/tex/generic/pgf/basiclayer/pgfcorepathconstruct.code.tex
File: pgfcorepathconstruct.code.tex 2013/10/07  (rcs-revision 1.29)
\pgf@path@lastx=\dimen138
\pgf@path@lasty=\dimen139
) (/usr/local/texlive/2018/texmf-dist/tex/generic/pgf/basiclayer/pgfcorepathusage.code.tex
File: pgfcorepathusage.code.tex 2014/11/02  (rcs-revision 1.24)
\pgf@shorten@end@additional=\dimen140
\pgf@shorten@start@additional=\dimen141
) (/usr/local/texlive/2018/texmf-dist/tex/generic/pgf/basiclayer/pgfcorescopes.code.tex
File: pgfcorescopes.code.tex 2015/05/08  (rcs-revision 1.46)
\pgfpic=\box28
\pgf@hbox=\box29
\pgf@layerbox@main=\box30
\pgf@picture@serial@count=\count100
) (/usr/local/texlive/2018/texmf-dist/tex/generic/pgf/basiclayer/pgfcoregraphicstate.code.tex
File: pgfcoregraphicstate.code.tex 2014/11/02  (rcs-revision 1.12)
\pgflinewidth=\dimen142
) (/usr/local/texlive/2018/texmf-dist/tex/generic/pgf/basiclayer/pgfcoretransformations.code.tex
File: pgfcoretransformations.code.tex 2015/08/07  (rcs-revision 1.20)
\pgf@pt@x=\dimen143
\pgf@pt@y=\dimen144
\pgf@pt@temp=\dimen145
) (/usr/local/texlive/2018/texmf-dist/tex/generic/pgf/basiclayer/pgfcorequick.code.tex
File: pgfcorequick.code.tex 2008/10/09  (rcs-revision 1.3)
) (/usr/local/texlive/2018/texmf-dist/tex/generic/pgf/basiclayer/pgfcoreobjects.code.tex
File: pgfcoreobjects.code.tex 2006/10/11  (rcs-revision 1.2)
) (/usr/local/texlive/2018/texmf-dist/tex/generic/pgf/basiclayer/pgfcorepathprocessing.code.tex
File: pgfcorepathprocessing.code.tex 2013/09/09  (rcs-revision 1.9)
) (/usr/local/texlive/2018/texmf-dist/tex/generic/pgf/basiclayer/pgfcorearrows.code.tex
File: pgfcorearrows.code.tex 2015/05/14  (rcs-revision 1.43)
\pgfarrowsep=\dimen146
) (/usr/local/texlive/2018/texmf-dist/tex/generic/pgf/basiclayer/pgfcoreshade.code.tex
File: pgfcoreshade.code.tex 2013/07/15  (rcs-revision 1.15)
\pgf@max=\dimen147
\pgf@sys@shading@range@num=\count101
) (/usr/local/texlive/2018/texmf-dist/tex/generic/pgf/basiclayer/pgfcoreimage.code.tex
File: pgfcoreimage.code.tex 2013/07/15  (rcs-revision 1.18)
 (/usr/local/texlive/2018/texmf-dist/tex/generic/pgf/basiclayer/pgfcoreexternal.code.tex
File: pgfcoreexternal.code.tex 2014/07/09  (rcs-revision 1.21)
\pgfexternal@startupbox=\box31
)) (/usr/local/texlive/2018/texmf-dist/tex/generic/pgf/basiclayer/pgfcorelayers.code.tex
File: pgfcorelayers.code.tex 2013/07/18  (rcs-revision 1.7)
) (/usr/local/texlive/2018/texmf-dist/tex/generic/pgf/basiclayer/pgfcoretransparency.code.tex
File: pgfcoretransparency.code.tex 2013/09/30  (rcs-revision 1.5)
) (/usr/local/texlive/2018/texmf-dist/tex/generic/pgf/basiclayer/pgfcorepatterns.code.tex
File: pgfcorepatterns.code.tex 2013/11/07  (rcs-revision 1.5)
))) (/usr/local/texlive/2018/texmf-dist/tex/generic/pgf/modules/pgfmoduleshapes.code.tex
File: pgfmoduleshapes.code.tex 2014/03/21  (rcs-revision 1.35)
\pgfnodeparttextbox=\box32
) (/usr/local/texlive/2018/texmf-dist/tex/generic/pgf/modules/pgfmoduleplot.code.tex
File: pgfmoduleplot.code.tex 2015/08/03  (rcs-revision 1.13)
) (/usr/local/texlive/2018/texmf-dist/tex/latex/pgf/compatibility/pgfcomp-version-0-65.sty
Package: pgfcomp-version-0-65 2007/07/03 v3.0.1a (rcs-revision 1.7)
\pgf@nodesepstart=\dimen148
\pgf@nodesepend=\dimen149
) (/usr/local/texlive/2018/texmf-dist/tex/latex/pgf/compatibility/pgfcomp-version-1-18.sty
Package: pgfcomp-version-1-18 2007/07/23 v3.0.1a (rcs-revision 1.1)
)) (/usr/local/texlive/2018/texmf-dist/tex/latex/pgf/utilities/pgffor.sty (/usr/local/texlive/2018/texmf-dist/tex/latex/pgf/utilities/pgfkeys.sty (/usr/local/texlive/2018/texmf-dist/tex/generic/pgf/utilities/pgfkeys.code.tex)) (/usr/local/texlive/2018/texmf-dist/tex/latex/pgf/math/pgfmath.sty (/usr/local/texlive/2018/texmf-dist/tex/generic/pgf/math/pgfmath.code.tex)) (/usr/local/texlive/2018/texmf-dist/tex/generic/pgf/utilities/pgffor.code.tex
Package: pgffor 2013/12/13 v3.0.1a (rcs-revision 1.25)
 (/usr/local/texlive/2018/texmf-dist/tex/generic/pgf/math/pgfmath.code.tex)
\pgffor@iter=\dimen150
\pgffor@skip=\dimen151
\pgffor@stack=\toks28
\pgffor@toks=\toks29
)) (/usr/local/texlive/2018/texmf-dist/tex/generic/pgf/frontendlayer/tikz/tikz.code.tex
Package: tikz 2015/08/07 v3.0.1a (rcs-revision 1.151)
 (/usr/local/texlive/2018/texmf-dist/tex/generic/pgf/libraries/pgflibraryplothandlers.code.tex
File: pgflibraryplothandlers.code.tex 2013/08/31 v3.0.1a (rcs-revision 1.20)
\pgf@plot@mark@count=\count102
\pgfplotmarksize=\dimen152
)
\tikz@lastx=\dimen153
\tikz@lasty=\dimen154
\tikz@lastxsaved=\dimen155
\tikz@lastysaved=\dimen156
\tikzleveldistance=\dimen157
\tikzsiblingdistance=\dimen158
\tikz@figbox=\box33
\tikz@figbox@bg=\box34
\tikz@tempbox=\box35
\tikz@tempbox@bg=\box36
\tikztreelevel=\count103
\tikznumberofchildren=\count104
\tikznumberofcurrentchild=\count105
\tikz@fig@count=\count106
 (/usr/local/texlive/2018/texmf-dist/tex/generic/pgf/modules/pgfmodulematrix.code.tex
File: pgfmodulematrix.code.tex 2013/09/17  (rcs-revision 1.8)
\pgfmatrixcurrentrow=\count107
\pgfmatrixcurrentcolumn=\count108
\pgf@matrix@numberofcolumns=\count109
)
\tikz@expandcount=\count110
 (/usr/local/texlive/2018/texmf-dist/tex/generic/pgf/frontendlayer/tikz/libraries/tikzlibrarytopaths.code.tex
File: tikzlibrarytopaths.code.tex 2008/06/17 v3.0.1a (rcs-revision 1.2)
))) (/usr/local/texlive/2018/texmf-dist/tex/generic/pgf/frontendlayer/tikz/libraries/tikzlibrarypositioning.code.tex
File: tikzlibrarypositioning.code.tex 2008/10/06 v3.0.1a (rcs-revision 1.7)
) (/usr/local/texlive/2018/texmf-dist/tex/latex/tools/calc.sty
Package: calc 2017/05/25 v4.3 Infix arithmetic (KKT,FJ)
\calc@Acount=\count111
\calc@Bcount=\count112
\calc@Adimen=\dimen159
\calc@Bdimen=\dimen160
\calc@Askip=\skip43
\calc@Bskip=\skip44
LaTeX Info: Redefining \setlength on input line 80.
LaTeX Info: Redefining \addtolength on input line 81.
\calc@Ccount=\count113
\calc@Cskip=\skip45
)
\c@@todonotes@numberoftodonotes=\count114
) (/usr/local/texlive/2018/texmf-dist/tex/latex/subfiles/subfiles.sty
Package: subfiles 2012/05/23 Federico Garcia
 (/usr/local/texlive/2018/texmf-dist/tex/latex/tools/verbatim.sty
Package: verbatim 2014/10/28 v1.5q LaTeX2e package for verbatim enhancements
\every@verbatim=\toks30
\verbatim@line=\toks31
\verbatim@in@stream=\read2
)) (/usr/local/texlive/2018/texmf-dist/tex/latex/amsmath/amsmath.sty
Package: amsmath 2017/09/02 v2.17a AMS math features
\@mathmargin=\skip46

For additional information on amsmath, use the `?' option.
(/usr/local/texlive/2018/texmf-dist/tex/latex/amsmath/amstext.sty
Package: amstext 2000/06/29 v2.01 AMS text
 (/usr/local/texlive/2018/texmf-dist/tex/latex/amsmath/amsgen.sty
File: amsgen.sty 1999/11/30 v2.0 generic functions
\@emptytoks=\toks32
\ex@=\dimen161
)) (/usr/local/texlive/2018/texmf-dist/tex/latex/amsmath/amsbsy.sty
Package: amsbsy 1999/11/29 v1.2d Bold Symbols
\pmbraise@=\dimen162
) (/usr/local/texlive/2018/texmf-dist/tex/latex/amsmath/amsopn.sty
Package: amsopn 2016/03/08 v2.02 operator names
)
\inf@bad=\count115
LaTeX Info: Redefining \frac on input line 213.
\uproot@=\count116
\leftroot@=\count117
LaTeX Info: Redefining \overline on input line 375.
\classnum@=\count118
\DOTSCASE@=\count119
LaTeX Info: Redefining \ldots on input line 472.
LaTeX Info: Redefining \dots on input line 475.
LaTeX Info: Redefining \cdots on input line 596.
\Mathstrutbox@=\box37
\strutbox@=\box38
\big@size=\dimen163
LaTeX Font Info:    Redeclaring font encoding OML on input line 712.
LaTeX Font Info:    Redeclaring font encoding OMS on input line 713.
\macc@depth=\count120
\c@MaxMatrixCols=\count121
\dotsspace@=\muskip10
\c@parentequation=\count122
\dspbrk@lvl=\count123
\tag@help=\toks33
\row@=\count124
\column@=\count125
\maxfields@=\count126
\andhelp@=\toks34
\eqnshift@=\dimen164
\alignsep@=\dimen165
\tagshift@=\dimen166
\tagwidth@=\dimen167
\totwidth@=\dimen168
\lineht@=\dimen169
\@envbody=\toks35
\multlinegap=\skip47
\multlinetaggap=\skip48
\mathdisplay@stack=\toks36
LaTeX Info: Redefining \[ on input line 2817.
LaTeX Info: Redefining \] on input line 2818.
) (/usr/local/texlive/2018/texmf-dist/tex/latex/subfig/subfig.sty
Package: subfig 2005/06/28 ver: 1.3 subfig package
 (/usr/local/texlive/2018/texmf-dist/tex/latex/caption/caption.sty
Package: caption 2016/02/21 v3.3-144 Customizing captions (AR)
 (/usr/local/texlive/2018/texmf-dist/tex/latex/caption/caption3.sty
Package: caption3 2016/05/22 v1.7-166 caption3 kernel (AR)
Package caption3 Info: TeX engine: e-TeX on input line 67.
\captionmargin=\dimen170
\captionmargin@=\dimen171
\captionwidth=\dimen172
\caption@tempdima=\dimen173
\caption@indent=\dimen174
\caption@parindent=\dimen175
\caption@hangindent=\dimen176
)
\c@ContinuedFloat=\count127
)
\c@KVtest=\count128
\sf@farskip=\skip49
\sf@captopadj=\dimen177
\sf@capskip=\skip50
\sf@nearskip=\skip51
\c@subfigure=\count129
\c@subfigure@save=\count130
\c@lofdepth=\count131
\c@subtable=\count132
\c@subtable@save=\count133
\c@lotdepth=\count134
\sf@top=\skip52
\sf@bottom=\skip53
) (/usr/local/texlive/2018/texmf-dist/tex/latex/booktabs/booktabs.sty
Package: booktabs 2016/04/27 v1.618033 publication quality tables
\heavyrulewidth=\dimen178
\lightrulewidth=\dimen179
\cmidrulewidth=\dimen180
\belowrulesep=\dimen181
\belowbottomsep=\dimen182
\aboverulesep=\dimen183
\abovetopsep=\dimen184
\cmidrulesep=\dimen185
\cmidrulekern=\dimen186
\defaultaddspace=\dimen187
\@cmidla=\count135
\@cmidlb=\count136
\@aboverulesep=\dimen188
\@belowrulesep=\dimen189
\@thisruleclass=\count137
\@lastruleclass=\count138
\@thisrulewidth=\dimen190
) (/usr/local/texlive/2018/texmf-dist/tex/latex/fancyhdr/fancyhdr.sty
Package: fancyhdr 2017/06/30 v3.9a Extensive control of page headers and footers
\f@nch@headwidth=\skip54
\f@nch@O@elh=\skip55
\f@nch@O@erh=\skip56
\f@nch@O@olh=\skip57
\f@nch@O@orh=\skip58
\f@nch@O@elf=\skip59
\f@nch@O@erf=\skip60
\f@nch@O@olf=\skip61
\f@nch@O@orf=\skip62
)

Package Fancyhdr Warning: \fancyfoot's `E' option without twoside option is useless on input line 14.


Package Fancyhdr Warning: \fancyfoot's `E' option without twoside option is useless on input line 15.

(/usr/local/texlive/2018/texmf-dist/tex/latex/algorithm2e/algorithm2e.sty
Package: algorithm2e 2017/07/18 v5.2 algorithms environments
\c@AlgoLine=\count139
\algocf@hangindent=\skip63
 (/usr/local/texlive/2018/texmf-dist/tex/latex/ifoddpage/ifoddpage.sty
Package: ifoddpage 2016/04/23 v1.1 Conditionals for odd/even page detection
\c@checkoddpage=\count140
) (/usr/local/texlive/2018/texmf-dist/tex/latex/tools/xspace.sty
Package: xspace 2014/10/28 v1.13 Space after command names (DPC,MH)
) (/usr/local/texlive/2018/texmf-dist/tex/latex/relsize/relsize.sty
Package: relsize 2013/03/29 ver 4.1
)
\skiptotal=\skip64
\skiplinenumber=\skip65
\skiprule=\skip66
\skiphlne=\skip67
\skiptext=\skip68
\skiplength=\skip69
\algomargin=\skip70
\skipalgocfslide=\skip71
\algowidth=\dimen191
\inoutsize=\dimen192
\inoutindent=\dimen193
\interspacetitleruled=\dimen194
\interspacealgoruled=\dimen195
\interspacetitleboxruled=\dimen196
\algocf@ruledwidth=\skip72
\algocf@inoutbox=\box39
\algocf@inputbox=\box40
\AlCapSkip=\skip73
\AlCapHSkip=\skip74
\algoskipindent=\skip75
\algocf@nlbox=\box41
\algocf@hangingbox=\box42
\algocf@untilbox=\box43
\algocf@skipuntil=\skip76
\algocf@capbox=\box44
\algocf@lcaptionbox=\skip77
\algoheightruledefault=\skip78
\algoheightrule=\skip79
\algotitleheightruledefault=\skip80
\algotitleheightrule=\skip81
\c@algocfline=\count141
\c@algocfproc=\count142
\c@algocf=\count143
\algocf@algoframe=\box45
\algocf@algobox=\box46
) (/Users/paul/Documents/projects/bachelor/thesis/thesis.aux)
\openout1 = `thesis.aux'.

LaTeX Font Info:    Checking defaults for OML/cmm/m/it on input line 25.
LaTeX Font Info:    ... okay on input line 25.
LaTeX Font Info:    Checking defaults for T1/cmr/m/n on input line 25.
LaTeX Font Info:    ... okay on input line 25.
LaTeX Font Info:    Checking defaults for OT1/cmr/m/n on input line 25.
LaTeX Font Info:    ... okay on input line 25.
LaTeX Font Info:    Checking defaults for OMS/cmsy/m/n on input line 25.
LaTeX Font Info:    ... okay on input line 25.
LaTeX Font Info:    Checking defaults for OMX/cmex/m/n on input line 25.
LaTeX Font Info:    ... okay on input line 25.
LaTeX Font Info:    Checking defaults for U/cmr/m/n on input line 25.
LaTeX Font Info:    ... okay on input line 25.

*geometry* driver: auto-detecting
*geometry* detected driver: pdftex
*geometry* verbose mode - [ preamble ] result:
* driver: pdftex
* paper: a4paper
* layout: <same size as paper>
* layoutoffset:(h,v)=(0.0pt,0.0pt)
* modes: 
* h-part:(L,W,R)=(115.63243pt, 366.24301pt, 115.63243pt)
* v-part:(T,H,B)=(115.63243pt, 613.78198pt, 115.63243pt)
* \paperwidth=597.50787pt
* \paperheight=845.04684pt
* \textwidth=366.24301pt
* \textheight=613.78198pt
* \oddsidemargin=43.36244pt
* \evensidemargin=43.36244pt
* \topmargin=6.36244pt
* \headheight=12.0pt
* \headsep=25.0pt
* \topskip=11.0pt
* \footskip=30.0pt
* \marginparwidth=50.0pt
* \marginparsep=10.0pt
* \columnsep=10.0pt
* \skip\footins=10.0pt plus 4.0pt minus 2.0pt
* \hoffset=0.0pt
* \voffset=0.0pt
* \mag=1000
* \@twocolumnfalse
* \@twosidefalse
* \@mparswitchfalse
* \@reversemarginfalse
* (1in=72.27pt=25.4mm, 1cm=28.453pt)

(/usr/local/texlive/2018/texmf-dist/tex/context/base/mkii/supp-pdf.mkii
[Loading MPS to PDF converter (version 2006.09.02).]
\scratchcounter=\count144
\scratchdimen=\dimen197
\scratchbox=\box47
\nofMPsegments=\count145
\nofMParguments=\count146
\everyMPshowfont=\toks37
\MPscratchCnt=\count147
\MPscratchDim=\dimen198
\MPnumerator=\count148
\makeMPintoPDFobject=\count149
\everyMPtoPDFconversion=\toks38
) (/usr/local/texlive/2018/texmf-dist/tex/latex/oberdiek/epstopdf-base.sty
Package: epstopdf-base 2016/05/15 v2.6 Base part for package epstopdf
 (/usr/local/texlive/2018/texmf-dist/tex/generic/oberdiek/infwarerr.sty
Package: infwarerr 2016/05/16 v1.4 Providing info/warning/error messages (HO)
) (/usr/local/texlive/2018/texmf-dist/tex/latex/oberdiek/grfext.sty
Package: grfext 2016/05/16 v1.2 Manage graphics extensions (HO)
 (/usr/local/texlive/2018/texmf-dist/tex/generic/oberdiek/kvdefinekeys.sty
Package: kvdefinekeys 2016/05/16 v1.4 Define keys (HO)
 (/usr/local/texlive/2018/texmf-dist/tex/generic/oberdiek/ltxcmds.sty
Package: ltxcmds 2016/05/16 v1.23 LaTeX kernel commands for general use (HO)
))) (/usr/local/texlive/2018/texmf-dist/tex/latex/oberdiek/kvoptions.sty
Package: kvoptions 2016/05/16 v3.12 Key value format for package options (HO)
 (/usr/local/texlive/2018/texmf-dist/tex/generic/oberdiek/kvsetkeys.sty
Package: kvsetkeys 2016/05/16 v1.17 Key value parser (HO)
 (/usr/local/texlive/2018/texmf-dist/tex/generic/oberdiek/etexcmds.sty
Package: etexcmds 2016/05/16 v1.6 Avoid name clashes with e-TeX commands (HO)
 (/usr/local/texlive/2018/texmf-dist/tex/generic/oberdiek/ifluatex.sty
Package: ifluatex 2016/05/16 v1.4 Provides the ifluatex switch (HO)
Package ifluatex Info: LuaTeX not detected.
)
Package etexcmds Info: Could not find \expanded.
(etexcmds)             That can mean that you are not using pdfTeX 1.50 or
(etexcmds)             that some package has redefined \expanded.
(etexcmds)             In the latter case, load this package earlier.
))) (/usr/local/texlive/2018/texmf-dist/tex/generic/oberdiek/pdftexcmds.sty
Package: pdftexcmds 2018/01/30 v0.27 Utility functions of pdfTeX for LuaTeX (HO)
Package pdftexcmds Info: LuaTeX not detected.
Package pdftexcmds Info: \pdf@primitive is available.
Package pdftexcmds Info: \pdf@ifprimitive is available.
Package pdftexcmds Info: \pdfdraftmode found.
)
Package epstopdf-base Info: Redefining graphics rule for `.eps' on input line 438.
Package grfext Info: Graphics extension search list:
(grfext)             [.pdf,.png,.jpg,.mps,.jpeg,.jbig2,.jb2,.PDF,.PNG,.JPG,.JPEG,.JBIG2,.JB2,.eps]
(grfext)             \AppendGraphicsExtensions on input line 456.
 (/usr/local/texlive/2018/texmf-dist/tex/latex/latexconfig/epstopdf-sys.cfg
File: epstopdf-sys.cfg 2010/07/13 v1.3 Configuration of (r)epstopdf for TeX Live
)) ABD: EveryShipout initializing macros
Package caption Info: Begin \AtBeginDocument code.
Package caption Info: subfig package v1.3 is loaded.
Package caption Info: End \AtBeginDocument code.
 [1

{/usr/local/texlive/2018/texmf-var/fonts/map/pdftex/updmap/pdftex.map}] (/Users/paul/Documents/projects/bachelor/thesis/thesis.toc [1])
\tf@toc=\write4
\openout4 = `thesis.toc'.

 (/Users/paul/Documents/projects/bachelor/thesis/thesis.lof [2])
\tf@lof=\write5
\openout5 = `thesis.lof'.

 (/Users/paul/Documents/projects/bachelor/thesis/sections/introduction/introduction.tex [3]
<diagrams/gas_volume.png, id=23, 722.7pt x 289.08pt>
File: diagrams/gas_volume.png Graphic file (type png)
<use diagrams/gas_volume.png>
Package pdftex.def Info: diagrams/gas_volume.png  used on input line 38.
(pdftex.def)             Requested size: 398.33534pt x 159.3356pt.
 [4 </Users/paul/Documents/projects/bachelor/thesis/diagrams/gas_volume.png>]) (/Users/paul/Documents/projects/bachelor/thesis/sections/background/background.tex [5] [6] [7] [8] [9] [10] [11] [12] [13] [14]
Overfull \hbox (5.01416pt too wide) in paragraph at lines 131--132
 \OT1/cmr/bx/n/10.95 Bul-let-proofs[] \OT1/cmr/m/n/10.95 De-vel-oped by Bunz et al. [[]], Bul-let-proofs are non-interactive
 []

[15]) (/Users/paul/Documents/projects/bachelor/thesis/sections/approach/approach.tex
<diagrams/architecture.png, id=70, 800.9925pt x 663.47874pt>
File: diagrams/architecture.png Graphic file (type png)
<use diagrams/architecture.png>
Package pdftex.def Info: diagrams/architecture.png  used on input line 22.
(pdftex.def)             Requested size: 274.80272pt x 227.62204pt.


LaTeX Warning: `h' float specifier changed to `ht'.

[16] [17 </Users/paul/Documents/projects/bachelor/thesis/diagrams/architecture.png>]
Overfull \hbox (11.04578pt too wide) in paragraph at lines 47--48
\OT1/cmr/m/n/10.95 choos-ing the ag-gre-gated type, the user sends a sig-na-ture of the de-posit/withdraw
 []

[18] [19] [20] [21] [22]
Overfull \hbox (9.03278pt too wide) in paragraph at lines 149--150
 \OT1/cmr/bx/n/10.95 Ag-gre-gat-ing De-posits[] \OT1/cmr/m/n/10.95 Af-ter the funds have been sent to the smart-contract,
 []


Overfull \hbox (21.35707pt too wide) in paragraph at lines 149--150
\OT1/cmr/m/n/10.95 the user cre-ates a sig-na-ture con-tain-ing the type of ag-gre-ga-tion (de-posit/withdraw),
 []

[23] [24]
<diagrams/depositWithdrawAggregated.png, id=103, 1186.4325pt x 743.77875pt>
File: diagrams/depositWithdrawAggregated.png Graphic file (type png)
<use diagrams/depositWithdrawAggregated.png>
Package pdftex.def Info: diagrams/depositWithdrawAggregated.png  used on input line 187.
(pdftex.def)             Requested size: 408.4869pt x 256.0748pt.
 [25 </Users/paul/Documents/projects/bachelor/thesis/diagrams/depositWithdrawAggregated.png>]
<diagrams/depWithFlow.png, id=108, 834.11626pt x 482.80376pt>
File: diagrams/depWithFlow.png Graphic file (type png)
<use diagrams/depWithFlow.png>
Package pdftex.def Info: diagrams/depWithFlow.png  used on input line 196.
(pdftex.def)             Requested size: 393.24382pt x 227.62204pt.
 [26 </Users/paul/Documents/projects/bachelor/thesis/diagrams/depWithFlow.png>]
<diagrams/instantWithdraw.png, id=113, 532.99126pt x 272.01625pt>
File: diagrams/instantWithdraw.png Graphic file (type png)
<use diagrams/instantWithdraw.png>
Package pdftex.def Info: diagrams/instantWithdraw.png  used on input line 208.
(pdftex.def)             Requested size: 278.76733pt x 142.26378pt.
 [27 </Users/paul/Documents/projects/bachelor/thesis/diagrams/instantWithdraw.png>]
<diagrams/priceing.png, id=118, 419.5675pt x 174.6525pt>
File: diagrams/priceing.png Graphic file (type png)
<use diagrams/priceing.png>
Package pdftex.def Info: diagrams/priceing.png  used on input line 237.
(pdftex.def)             Requested size: 205.05849pt x 85.35826pt.


LaTeX Warning: `h' float specifier changed to `ht'.

[28] [29 </Users/paul/Documents/projects/bachelor/thesis/diagrams/priceing.png>] [30]
<diagrams/tradeAggrFlow.png, id=130, 773.89125pt x 663.47874pt>
File: diagrams/tradeAggrFlow.png Graphic file (type png)
<use diagrams/tradeAggrFlow.png>
Package pdftex.def Info: diagrams/tradeAggrFlow.png  used on input line 281.
(pdftex.def)             Requested size: 331.8811pt x 284.52756pt.
 [31 </Users/paul/Documents/projects/bachelor/thesis/diagrams/tradeAggrFlow.png>] [32] [33]

LaTeX Warning: Reference `aggregation_server' on page 34 undefined on input line 327.


LaTeX Warning: Citation `hermez_docs' on page 34 undefined on input line 327.

[34]) (/Users/paul/Documents/projects/bachelor/thesis/sections/results/results.tex [35]

LaTeX Warning: Reference `trade_checks' on page 36 undefined on input line 13.

<diagrams/trade_cost.png, id=147, 759.83875pt x 360.34625pt>
File: diagrams/trade_cost.png Graphic file (type png)
<use diagrams/trade_cost.png>
Package pdftex.def Info: diagrams/trade_cost.png  used on input line 18.
(pdftex.def)             Requested size: 359.97643pt x 170.71652pt.
[36 </Users/paul/Documents/projects/bachelor/thesis/diagrams/trade_cost.png>]
<diagrams/dep_ET_.png, id=153, 722.7pt x 433.62pt>
File: diagrams/dep_ET_.png Graphic file (type png)
<use diagrams/dep_ET_.png>
Package pdftex.def Info: diagrams/dep_ET_.png  used on input line 30.
(pdftex.def)             Requested size: 284.53154pt x 170.71652pt.
 [37 </Users/paul/Documents/projects/bachelor/thesis/diagrams/dep_ET_.png>]
<diagrams/with_ET_.png, id=158, 722.7pt x 433.62pt>
File: diagrams/with_ET_.png Graphic file (type png)
<use diagrams/with_ET_.png>
Package pdftex.def Info: diagrams/with_ET_.png  used on input line 39.
(pdftex.def)             Requested size: 284.53154pt x 170.71652pt.
 [38 </Users/paul/Documents/projects/bachelor/thesis/diagrams/with_ET_.png>]
<diagrams/results_final_trade-compile-setup-time.png, id=163, 688.5725pt x 570.13pt>
File: diagrams/results_final_trade-compile-setup-time.png Graphic file (type png)
<use diagrams/results_final_trade-compile-setup-time.png>
Package pdftex.def Info: diagrams/results_final_trade-compile-setup-time.png  used on input line 61.
(pdftex.def)             Requested size: 168.51146pt x 139.52213pt.
<diagrams/results_final_dep-compile-setup-time.png, id=164, 688.5725pt x 570.13pt>
File: diagrams/results_final_dep-compile-setup-time.png Graphic file (type png)
<use diagrams/results_final_dep-compile-setup-time.png>
Package pdftex.def Info: diagrams/results_final_dep-compile-setup-time.png  used on input line 63.
(pdftex.def)             Requested size: 168.51146pt x 139.52213pt.
<diagrams/results_final_trade-witness-proof-time.png, id=165, 688.5725pt x 544.0325pt>
File: diagrams/results_final_trade-witness-proof-time.png Graphic file (type png)
<use diagrams/results_final_trade-witness-proof-time.png>
Package pdftex.def Info: diagrams/results_final_trade-witness-proof-time.png  used on input line 73.
(pdftex.def)             Requested size: 168.51146pt x 133.13554pt.
<diagrams/results_final_dep-witness-proof-time.png, id=166, 688.5725pt x 544.0325pt>
File: diagrams/results_final_dep-witness-proof-time.png Graphic file (type png)
<use diagrams/results_final_dep-witness-proof-time.png>
Package pdftex.def Info: diagrams/results_final_dep-witness-proof-time.png  used on input line 75.
(pdftex.def)             Requested size: 168.51146pt x 133.13554pt.
 [39 </Users/paul/Documents/projects/bachelor/thesis/diagrams/results_final_trade-compile-setup-time.png> </Users/paul/Documents/projects/bachelor/thesis/diagrams/results_final_dep-compile-setup-time.png>]
<diagrams/results_final_trade-compile-setup-mem.png, id=172, 688.5725pt x 570.13pt>
File: diagrams/results_final_trade-compile-setup-mem.png Graphic file (type png)
<use diagrams/results_final_trade-compile-setup-mem.png>
Package pdftex.def Info: diagrams/results_final_trade-compile-setup-mem.png  used on input line 88.
(pdftex.def)             Requested size: 168.51146pt x 139.52213pt.
<diagrams/results_final_dep-compile-setup-mem.png, id=173, 688.5725pt x 570.13pt>
File: diagrams/results_final_dep-compile-setup-mem.png Graphic file (type png)
<use diagrams/results_final_dep-compile-setup-mem.png>
Package pdftex.def Info: diagrams/results_final_dep-compile-setup-mem.png  used on input line 90.
(pdftex.def)             Requested size: 168.51146pt x 139.52213pt.


LaTeX Warning: `h' float specifier changed to `ht'.

<diagrams/results_final_trade-witness-proof-mem.png, id=174, 722.7pt x 578.16pt>
File: diagrams/results_final_trade-witness-proof-mem.png Graphic file (type png)
<use diagrams/results_final_trade-witness-proof-mem.png>
Package pdftex.def Info: diagrams/results_final_trade-witness-proof-mem.png  used on input line 100.
(pdftex.def)             Requested size: 168.51146pt x 134.80898pt.
<diagrams/results_final_dep-witness-proof-mem.png, id=175, 722.7pt x 578.16pt>
File: diagrams/results_final_dep-witness-proof-mem.png Graphic file (type png)
<use diagrams/results_final_dep-witness-proof-mem.png>
Package pdftex.def Info: diagrams/results_final_dep-witness-proof-mem.png  used on input line 102.
(pdftex.def)             Requested size: 168.51146pt x 134.80898pt.

LaTeX Warning: `h' float specifier changed to `ht'.

[40 </Users/paul/Documents/projects/bachelor/thesis/diagrams/results_final_trade-witness-proof-time.png> </Users/paul/Documents/projects/bachelor/thesis/diagrams/results_final_dep-witness-proof-time.png>]
<diagrams/results_final_trade-constraints.png, id=181, 688.5725pt x 551.05875pt>
File: diagrams/results_final_trade-constraints.png Graphic file (type png)
<use diagrams/results_final_trade-constraints.png>
Package pdftex.def Info: diagrams/results_final_trade-constraints.png  used on input line 112.
(pdftex.def)             Requested size: 168.51146pt x 134.85501pt.
<diagrams/results_final_dep-constraints.png, id=182, 688.5725pt x 551.05875pt>
File: diagrams/results_final_dep-constraints.png Graphic file (type png)
<use diagrams/results_final_dep-constraints.png>
Package pdftex.def Info: diagrams/results_final_dep-constraints.png  used on input line 114.
(pdftex.def)             Requested size: 168.51146pt x 134.85501pt.


LaTeX Warning: `h' float specifier changed to `ht'.

[41 </Users/paul/Documents/projects/bachelor/thesis/diagrams/results_final_trade-compile-setup-mem.png> </Users/paul/Documents/projects/bachelor/thesis/diagrams/results_final_dep-compile-setup-mem.png> </Users/paul/Documents/projects/bachelor/thesis/diagrams/results_final_trade-witness-proof-mem.png> </Users/paul/Documents/projects/bachelor/thesis/diagrams/results_final_dep-witness-proof-mem.png>]

LaTeX Warning: `h' float specifier changed to `ht'.

[42 </Users/paul/Documents/projects/bachelor/thesis/diagrams/results_final_trade-constraints.png> </Users/paul/Documents/projects/bachelor/thesis/diagrams/results_final_dep-constraints.png>]

LaTeX Warning: No positions in optional float specifier.
               Default added (so using `tbp') on input line 160.

) (/Users/paul/Documents/projects/bachelor/thesis/sections/discussion/discussion.tex [43] [44] [45] [46] [47] [48]

LaTeX Warning: Reference `limitiations' on page 49 undefined on input line 62.

) (/Users/paul/Documents/projects/bachelor/thesis/sections/outlook/outlook.tex [49] [50] [51] [52]) (/Users/paul/Documents/projects/bachelor/thesis/sections/conclusion/conclusion.tex [53]) (/Users/paul/Documents/projects/bachelor/thesis/thesis.bbl
Overfull \hbox (375.49089pt too wide) in paragraph at lines 7--9
[]\OT1/cmr/m/n/10.95 Curve on zinc, \OT1/cmtt/m/n/10.95 https://medium.com/matter-labs/curve-zksync-l2-ethereums-first-user-defined-zk-rollup-smart-contract-5a72c496b350 
 []


Overfull \hbox (87.02333pt too wide) in paragraph at lines 11--13
[]\OT1/cmr/m/n/10.95 An in-com-plete guide to rollups, \OT1/cmtt/m/n/10.95 https://vitalik.ca/general/2021/01/05/rollup.html 
 []


Overfull \hbox (44.31873pt too wide) in paragraph at lines 15--16
[]\OT1/cmr/m/n/10.95 Uniswap cum-mu-la-tive vol-ume, \OT1/cmtt/m/n/10.95 https://duneanalytics.com/projects/uniswap 
 []


Underfull \hbox (badness 10000) in paragraph at lines 21--22
[]\OT1/cmr/m/n/10.95 What are zk-snarks? (Sep 2019),
 []


Overfull \hbox (373.6662pt too wide) in paragraph at lines 24--26
[]\OT1/cmr/m/n/10.95 zksync (Dec 2019), \OT1/cmtt/m/n/10.95 https://medium.com/matter-labs/introducing-zk-sync-the-missing-link-to-mass-adoption-of-ethereum-14c9cea83f58 
 []


Underfull \hbox (badness 10000) in paragraph at lines 28--30
[]\OT1/cmr/m/n/10.95 Loopring's zk-snark prover op-ti-miza-tions (Mar 2020),
 []


Overfull \hbox (35.67874pt too wide) in paragraph at lines 28--30
\OT1/cmtt/m/n/10.95 https://blogs.loopring.org/looprings-zksnark-prover-optimizations/ 
 []

[54]
Underfull \hbox (badness 6428) in paragraph at lines 64--66
[]\OT1/cmr/m/n/10.95 Coleman, J.: State chan-nels - an ex-pla-na-tion (Nov 2015),
 []


Underfull \hbox (badness 1629) in paragraph at lines 68--70
[]\OT1/cmr/m/n/10.95 Deml, S.: Ef-fi-cient ecc in zk-snarks us-ing zokrates (Aug 2019),
 []


Overfull \hbox (121.90906pt too wide) in paragraph at lines 68--70
\OT1/cmtt/m/n/10.95 https://medium.com/zokrates/efficient-ecc-in-zksnarks-using-zokrates-bd9ae37b8186 
 []


Overfull \hbox (8.3966pt too wide) in paragraph at lines 72--73
[]\OT1/cmr/m/n/10.95 Ethereum gas guz-zlers, \OT1/cmtt/m/n/10.95 https://ethgasstation.info/gasguzzlers.php 
 []


Overfull \hbox (310.85712pt too wide) in paragraph at lines 75--77
[]\OT1/cmr/m/n/10.95 Ethereum: ethereum/research, \OT1/cmtt/m/n/10.95 https://github.com/ethereum/research/wiki/A-note-on-data-availability-and-erasure-coding 
 []


Overfull \hbox (158.83632pt too wide) in paragraph at lines 79--81
[]\OT1/cmr/m/n/10.95 Ethereum: eip-1108 (Sep 2020), \OT1/cmtt/m/n/10.95 https://github.com/ethereum/EIPs/blob/master/EIPS/eip-1108.md 
 []


Overfull \hbox (179.51897pt too wide) in paragraph at lines 86--88
[]\OT1/cmr/m/n/10.95 Uniswap to-tal fees used, \OT1/cmtt/m/n/10.95 https://etherscan.io/address/0x7a250d5630b4cf539739df2c5dacb4c659f2488d 
 []

[55]
Underfull \hbox (badness 10000) in paragraph at lines 125--127
[]\OT1/cmr/m/n/10.95 Kulechov, S.: The aave pro-to-col v2 (Dec 2020),
 []


Underfull \hbox (badness 10000) in paragraph at lines 158--161
[]\OT1/cmr/m/n/10.95 Vbuterin: On-chain scal-ing to po-ten-tially  500
 []


Underfull \hbox (badness 10000) in paragraph at lines 158--161
\OT1/cmr/m/n/10.95 tx/sec through mass tx val-i-da-tion (Sep 2018),
 []


Overfull \hbox (213.88806pt too wide) in paragraph at lines 158--161
\OT1/cmtt/m/n/10.95 https://ethresear.ch/t/on-chain-scaling-to-potentially-500-tx-sec-through-mass-tx-validation/3477 
 []

[56]
Underfull \hbox (badness 1048) in paragraph at lines 175--177
[]\OT1/cmr/m/n/10.95 Zhou, L., Qin, K., Tor-res, C.F., Le, D.V., Ger-vais, A.: High-
 []

) [57] (/Users/paul/Documents/projects/bachelor/thesis/thesis.aux)

LaTeX Warning: There were undefined references.

 ) 
Here is how much of TeX's memory you used:
 15727 strings out of 492649
 308269 string characters out of 6129622
 371034 words of memory out of 5000000
 19242 multiletter control sequences out of 15000+600000
 11896 words of font info for 43 fonts, out of 8000000 for 9000
 1141 hyphenation exceptions out of 8191
 62i,15n,96p,2363b,874s stack positions out of 5000i,500n,10000p,200000b,80000s
</usr/local/texlive/2018/texmf-dist/fonts/type1/public/amsfonts/cm/cmbx10.pfb></usr/local/texlive/2018/texmf-dist/fonts/type1/public/amsfonts/cm/cmbx12.pfb></usr/local/texlive/2018/texmf-dist/fonts/type1/public/amsfonts/cm/cmbx8.pfb></usr/local/texlive/2018/texmf-dist/fonts/type1/public/amsfonts/cm/cmmi10.pfb></usr/local/texlive/2018/texmf-dist/fonts/type1/public/amsfonts/cm/cmmi8.pfb></usr/local/texlive/2018/texmf-dist/fonts/type1/public/amsfonts/cm/cmr10.pfb></usr/local/texlive/2018/texmf-dist/fonts/type1/public/amsfonts/cm/cmr12.pfb></usr/local/texlive/2018/texmf-dist/fonts/type1/public/amsfonts/cm/cmr17.pfb></usr/local/texlive/2018/texmf-dist/fonts/type1/public/amsfonts/cm/cmr6.pfb></usr/local/texlive/2018/texmf-dist/fonts/type1/public/amsfonts/cm/cmr8.pfb></usr/local/texlive/2018/texmf-dist/fonts/type1/public/amsfonts/cm/cmr9.pfb></usr/local/texlive/2018/texmf-dist/fonts/type1/public/amsfonts/cm/cmsy10.pfb></usr/local/texlive/2018/texmf-dist/fonts/type1/public/amsfonts/cm/cmti10.pfb></usr/local/texlive/2018/texmf-dist/fonts/type1/public/amsfonts/cm/cmtt10.pfb>
Output written on /Users/paul/Documents/projects/bachelor/thesis/thesis.pdf (58 pages, 916150 bytes).
PDF statistics:
 292 PDF objects out of 1000 (max. 8388607)
 176 compressed objects within 2 object streams
 0 named destinations out of 1000 (max. 500000)
 113 words of extra memory for PDF output out of 10000 (max. 10000000)

