\BOOKMARK [1][-]{section.1}{Statutory Declaration}{}% 1
\BOOKMARK [1][-]{section.2}{Introduction}{}% 2
\BOOKMARK [1][-]{section.3}{Background}{}% 3
\BOOKMARK [2][-]{subsection.3.1}{Decentralized Exchanges}{section.3}% 4
\BOOKMARK [3][-]{subsubsection.3.1.1}{Benefits of Decentralized Exchanges}{subsection.3.1}% 5
\BOOKMARK [3][-]{subsubsection.3.1.2}{Pricing and Liquidity}{subsection.3.1}% 6
\BOOKMARK [3][-]{subsubsection.3.1.3}{Centralized Order Book}{subsection.3.1}% 7
\BOOKMARK [3][-]{subsubsection.3.1.4}{Automatic Market Maker Protocol}{subsection.3.1}% 8
\BOOKMARK [2][-]{subsection.3.2}{Ethereum Scaling Solutions}{section.3}% 9
\BOOKMARK [3][-]{subsubsection.3.2.1}{Layer-1 Scaling}{subsection.3.2}% 10
\BOOKMARK [3][-]{subsubsection.3.2.2}{Layer-2 Scaling}{subsection.3.2}% 11
\BOOKMARK [2][-]{subsection.3.3}{Zero Knowledge Proofs}{section.3}% 12
\BOOKMARK [3][-]{subsubsection.3.3.1}{Development of zkSNARK}{subsection.3.3}% 13
\BOOKMARK [3][-]{subsubsection.3.3.2}{Foundations of zkSNARK}{subsection.3.3}% 14
\BOOKMARK [3][-]{subsubsection.3.3.3}{zkSNARK and Blockchain}{subsection.3.3}% 15
\BOOKMARK [3][-]{subsubsection.3.3.4}{Other Zero Knowledge Constructs}{subsection.3.3}% 16
\BOOKMARK [1][-]{section.4}{zkSwap}{}% 17
\BOOKMARK [2][-]{subsection.4.1}{Design}{section.4}% 18
\BOOKMARK [3][-]{subsubsection.4.1.1}{zkSwap Smart-Contract}{subsection.4.1}% 19
\BOOKMARK [3][-]{subsubsection.4.1.2}{Aggregator}{subsection.4.1}% 20
\BOOKMARK [3][-]{subsubsection.4.1.3}{Client Frontend}{subsection.4.1}% 21
\BOOKMARK [2][-]{subsection.4.2}{Implementation}{section.4}% 22
\BOOKMARK [3][-]{subsubsection.4.2.1}{Technologies Used}{subsection.4.2}% 23
\BOOKMARK [3][-]{subsubsection.4.2.2}{Storing and Updating Balances}{subsection.4.2}% 24
\BOOKMARK [3][-]{subsubsection.4.2.3}{Aggregating Balance Updates}{subsection.4.2}% 25
\BOOKMARK [3][-]{subsubsection.4.2.4}{Deposits}{subsection.4.2}% 26
\BOOKMARK [3][-]{subsubsection.4.2.5}{Withdraws}{subsection.4.2}% 27
\BOOKMARK [3][-]{subsubsection.4.2.6}{Instant Withdraws}{subsection.4.2}% 28
\BOOKMARK [3][-]{subsubsection.4.2.7}{Aggregating Trades}{subsection.4.2}% 29
\BOOKMARK [3][-]{subsubsection.4.2.8}{PairProxy Smart Contract}{subsection.4.2}% 30
\BOOKMARK [2][-]{subsection.4.3}{Limitiations of Current Implementation}{section.4}% 31
\BOOKMARK [1][-]{section.5}{Results}{}% 32
\BOOKMARK [2][-]{subsection.5.1}{Gas Cost}{section.5}% 33
\BOOKMARK [3][-]{subsubsection.5.1.1}{Trade Aggragation}{subsection.5.1}% 34
\BOOKMARK [3][-]{subsubsection.5.1.2}{Deposits and Withdrawals}{subsection.5.1}% 35
\BOOKMARK [2][-]{subsection.5.2}{zkSNARK Circuit Metrics}{section.5}% 36
\BOOKMARK [3][-]{subsubsection.5.2.1}{Execution Time}{subsection.5.2}% 37
\BOOKMARK [3][-]{subsubsection.5.2.2}{Memory Usage}{subsection.5.2}% 38
\BOOKMARK [3][-]{subsubsection.5.2.3}{Constraints}{subsection.5.2}% 39
\BOOKMARK [1][-]{section.6}{Discussion}{}% 40
\BOOKMARK [2][-]{subsection.6.1}{Interpretation of results}{section.6}% 41
\BOOKMARK [3][-]{subsubsection.6.1.1}{Gas results Trades}{subsection.6.1}% 42
\BOOKMARK [3][-]{subsubsection.6.1.2}{Gas results Deposits and Withdraws}{subsection.6.1}% 43
\BOOKMARK [3][-]{subsubsection.6.1.3}{Circuit results}{subsection.6.1}% 44
\BOOKMARK [3][-]{subsubsection.6.1.4}{Results overall}{subsection.6.1}% 45
\BOOKMARK [3][-]{subsubsection.6.1.5}{Usability of the System}{subsection.6.1}% 46
\BOOKMARK [2][-]{subsection.6.2}{Limitations}{section.6}% 47
\BOOKMARK [3][-]{subsubsection.6.2.1}{Fixed Batch Size in Circuit}{subsection.6.2}% 48
\BOOKMARK [3][-]{subsubsection.6.2.2}{State Updates During Aggregations}{subsection.6.2}% 49
\BOOKMARK [3][-]{subsubsection.6.2.3}{Trusted Setup Phase}{subsection.6.2}% 50
\BOOKMARK [2][-]{subsection.6.3}{Open Problems}{section.6}% 51
\BOOKMARK [3][-]{subsubsection.6.3.1}{Canceled Aggregations}{subsection.6.3}% 52
\BOOKMARK [3][-]{subsubsection.6.3.2}{Empty Aggregation Batch}{subsection.6.3}% 53
\BOOKMARK [3][-]{subsubsection.6.3.3}{Ignoring Deposits}{subsection.6.3}% 54
\BOOKMARK [3][-]{subsubsection.6.3.4}{Ensuring Correct Effective Price Reporting by Aggregator}{subsection.6.3}% 55
\BOOKMARK [3][-]{subsubsection.6.3.5}{Role of the Aggregator}{subsection.6.3}% 56
\BOOKMARK [3][-]{subsubsection.6.3.6}{Sandwich Attacks}{subsection.6.3}% 57
\BOOKMARK [1][-]{section.7}{Related Work and Outlook}{}% 58
\BOOKMARK [2][-]{subsection.7.1}{Prover optimizations}{section.7}% 59
\BOOKMARK [3][-]{subsubsection.7.1.1}{Parallelizing the Prover}{subsection.7.1}% 60
\BOOKMARK [3][-]{subsubsection.7.1.2}{Reducing Memory Usage}{subsection.7.1}% 61
\BOOKMARK [2][-]{subsection.7.2}{Hashing Algorithms}{section.7}% 62
\BOOKMARK [3][-]{subsubsection.7.2.1}{MiMC on Ethereum}{subsection.7.2}% 63
\BOOKMARK [3][-]{subsubsection.7.2.2}{Poseidon Hashes}{subsection.7.2}% 64
\BOOKMARK [2][-]{subsection.7.3}{PLONK}{section.7}% 65
\BOOKMARK [2][-]{subsection.7.4}{zkSync and the Zinc Programing Language}{section.7}% 66
\BOOKMARK [2][-]{subsection.7.5}{Cross zk-rollup Transactions}{section.7}% 67
\BOOKMARK [1][-]{section.8}{Conclusion}{}% 68
\BOOKMARK [1][-]{section.9}{Acknowledgements}{}% 69
